[ 2017-01-10T18:46:59+08:00 ] ::1 /project/Public/Images/wdqkcover.%20jpg
ERR: 无法加载模块:Public

[ 2017-01-10T18:46:59+08:00 ] ::1 /project/Public/Images/wdqkcover.%20jpg
ERR: 无法加载模块:Public

[ 2017-01-10T18:48:00+08:00 ] ::1 /project/Public/Images/wdqkcover.jpg
ERR: 无法加载模块:Public

[ 2017-01-10T18:51:05+08:00 ] ::1 /project/Public/Details/images/op_tag.0.2.png
ERR: 无法加载模块:Public

[ 2017-01-10T18:51:05+08:00 ] ::1 /project/Public/Details/js/lbf.js
ERR: 无法加载模块:Public

[ 2017-01-10T18:51:05+08:00 ] ::1 /project/Public/Details/images/sprite.0.4.png
ERR: 无法加载模块:Public

[ 2017-01-10T18:51:25+08:00 ] ::1 /project/Public/Details/js/lbf.js
ERR: 无法加载模块:Public

[ 2017-01-10T18:51:25+08:00 ] ::1 /project/Public/Details/images/sprite.0.4.png
ERR: 无法加载模块:Public

[ 2017-01-10T18:51:25+08:00 ] ::1 /project/Public/Details/images/op_tag.0.2.png
ERR: 无法加载模块:Public

[ 2017-01-10T18:51:25+08:00 ] ::1 /project/Public/Details/js/lbf.js
ERR: 无法加载模块:Public

[ 2017-01-10T18:52:37+08:00 ] ::1 /project/Public/Details/js/lbf.js
ERR: 无法加载模块:Public

[ 2017-01-10T18:52:37+08:00 ] ::1 /project/Public/Details/js/lbf.js
ERR: 无法加载模块:Public

[ 2017-01-10T18:52:38+08:00 ] ::1 /project/Public/Details/images/op_tag.0.2.png
ERR: 无法加载模块:Public

[ 2017-01-10T18:52:38+08:00 ] ::1 /project/Public/Details/images/sprite.0.4.png
ERR: 无法加载模块:Public

[ 2017-01-10T18:53:50+08:00 ] ::1 /project/Public/Details/js/lbf.js
ERR: 无法加载模块:Public

[ 2017-01-10T18:53:50+08:00 ] ::1 /project/Public/Details/js/lbf.js
ERR: 无法加载模块:Public

[ 2017-01-10T18:53:50+08:00 ] ::1 /project/Public/Details/images/op_tag.0.2.png
ERR: 无法加载模块:Public

[ 2017-01-10T18:53:50+08:00 ] ::1 /project/Public/Details/images/sprite.0.4.png
ERR: 无法加载模块:Public

[ 2017-01-10T18:54:37+08:00 ] ::1 /project/Public/Details/js/lbf.js
ERR: 无法加载模块:Public

[ 2017-01-10T18:54:37+08:00 ] ::1 /project/Public/Details/images/op_tag.0.2.png
ERR: 无法加载模块:Public

[ 2017-01-10T18:54:38+08:00 ] ::1 /project/Public/Details/images/sprite.0.4.png
ERR: 无法加载模块:Public

[ 2017-01-10T18:55:05+08:00 ] ::1 /project/Public/Details/js/lbf.js
ERR: 无法加载模块:Public

[ 2017-01-10T18:55:05+08:00 ] ::1 /project/Public/Details/js/lbf.js
ERR: 无法加载模块:Public

[ 2017-01-10T18:55:05+08:00 ] ::1 /project/Public/Details/images/sprite.0.4.png
ERR: 无法加载模块:Public

[ 2017-01-10T18:55:05+08:00 ] ::1 /project/Public/Details/images/op_tag.0.2.png
ERR: 无法加载模块:Public

[ 2017-01-10T18:55:06+08:00 ] ::1 /project/Public/Details/js/lbf.js
ERR: 无法加载模块:Public

[ 2017-01-10T18:55:06+08:00 ] ::1 /project/Public/Details/images/op_tag.0.2.png
ERR: 无法加载模块:Public

[ 2017-01-10T18:55:06+08:00 ] ::1 /project/Public/Details/images/sprite.0.4.png
ERR: 无法加载模块:Public

[ 2017-01-10T18:55:06+08:00 ] ::1 /project/Public/Details/js/lbf.js
ERR: 无法加载模块:Public

[ 2017-01-10T18:55:23+08:00 ] ::1 /project/Public/Details/js/lbf.js
ERR: 无法加载模块:Public

[ 2017-01-10T18:55:23+08:00 ] ::1 /project/Public/Details/images/op_tag.0.2.png
ERR: 无法加载模块:Public

[ 2017-01-10T18:55:23+08:00 ] ::1 /project/Public/Details/images/sprite.0.4.png
ERR: 无法加载模块:Public

[ 2017-01-10T18:55:32+08:00 ] ::1 /project/Public/Details/js/lbf.js
ERR: 无法加载模块:Public

[ 2017-01-10T18:55:32+08:00 ] ::1 /project/Public/Details/js/lbf.js
ERR: 无法加载模块:Public

[ 2017-01-10T18:55:32+08:00 ] ::1 /project/Public/Details/images/op_tag.0.2.png
ERR: 无法加载模块:Public

[ 2017-01-10T18:55:32+08:00 ] ::1 /project/Public/Details/images/sprite.0.4.png
ERR: 无法加载模块:Public

[ 2017-01-10T18:56:01+08:00 ] ::1 /project/Public/Details/js/lbf.js
ERR: 无法加载模块:Public

[ 2017-01-10T18:56:01+08:00 ] ::1 /project/Public/Details/images/op_tag.0.2.png
ERR: 无法加载模块:Public

[ 2017-01-10T18:56:02+08:00 ] ::1 /project/Public/Details/images/sprite.0.4.png
ERR: 无法加载模块:Public

[ 2017-01-10T18:56:11+08:00 ] ::1 /project/Public/Details/images/op_tag.0.2.png
ERR: 无法加载模块:Public

[ 2017-01-10T18:56:11+08:00 ] ::1 /project/Public/Details/images/sprite.0.4.png
ERR: 无法加载模块:Public

[ 2017-01-10T18:56:11+08:00 ] ::1 /project/Public/Details/js/lbf.js
ERR: 无法加载模块:Public

[ 2017-01-10T18:56:18+08:00 ] ::1 /project/Public/Details/js/lbf.js
ERR: 无法加载模块:Public

[ 2017-01-10T18:56:19+08:00 ] ::1 /project/Public/Details/images/op_tag.0.2.png
ERR: 无法加载模块:Public

[ 2017-01-10T18:56:19+08:00 ] ::1 /project/Public/Details/images/sprite.0.4.png
ERR: 无法加载模块:Public

[ 2017-01-10T18:56:19+08:00 ] ::1 /project/Public/Details/js/lbf.js
ERR: 无法加载模块:Public

[ 2017-01-10T18:56:28+08:00 ] ::1 /project/Public/Details/js/lbf.js
ERR: 无法加载模块:Public

[ 2017-01-10T18:56:28+08:00 ] ::1 /project/Public/Details/images/op_tag.0.2.png
ERR: 无法加载模块:Public

[ 2017-01-10T18:56:28+08:00 ] ::1 /project/Public/Details/images/sprite.0.4.png
ERR: 无法加载模块:Public

[ 2017-01-10T18:57:09+08:00 ] ::1 /project/Public/Details/js/lbf.js
ERR: 无法加载模块:Public

[ 2017-01-10T18:57:09+08:00 ] ::1 /project/Public/Details/images/op_tag.0.2.png
ERR: 无法加载模块:Public

[ 2017-01-10T18:57:09+08:00 ] ::1 /project/Public/Details/images/sprite.0.4.png
ERR: 无法加载模块:Public

[ 2017-01-10T18:57:11+08:00 ] ::1 /project/Public/Details/js/lbf.js
ERR: 无法加载模块:Public

[ 2017-01-10T18:57:11+08:00 ] ::1 /project/Public/Details/images/op_tag.0.2.png
ERR: 无法加载模块:Public

[ 2017-01-10T18:57:11+08:00 ] ::1 /project/Public/Details/images/sprite.0.4.png
ERR: 无法加载模块:Public

[ 2017-01-10T18:57:26+08:00 ] ::1 /project/Public/Details/js/lbf.js
ERR: 无法加载模块:Public

[ 2017-01-10T18:57:27+08:00 ] ::1 /project/Public/Details/images/op_tag.0.2.png
ERR: 无法加载模块:Public

[ 2017-01-10T18:57:27+08:00 ] ::1 /project/Public/Details/images/sprite.0.4.png
ERR: 无法加载模块:Public

[ 2017-01-10T18:57:37+08:00 ] ::1 /project/Public/Details/js/lbf.js
ERR: 无法加载模块:Public

[ 2017-01-10T18:57:38+08:00 ] ::1 /project/Public/Details/js/lbf.js
ERR: 无法加载模块:Public

[ 2017-01-10T18:57:38+08:00 ] ::1 /project/Public/Details/images/op_tag.0.2.png
ERR: 无法加载模块:Public

[ 2017-01-10T18:57:38+08:00 ] ::1 /project/Public/Details/images/sprite.0.4.png
ERR: 无法加载模块:Public

[ 2017-01-10T18:58:08+08:00 ] ::1 /project/Public/Details/js/lbf.js
ERR: 无法加载模块:Public

[ 2017-01-10T18:58:08+08:00 ] ::1 /project/Public/Details/images/op_tag.0.2.png
ERR: 无法加载模块:Public

[ 2017-01-10T18:58:08+08:00 ] ::1 /project/Public/Details/images/sprite.0.4.png
ERR: 无法加载模块:Public

[ 2017-01-10T18:58:32+08:00 ] ::1 /project/Public/Details/js/lbf.js
ERR: 无法加载模块:Public

[ 2017-01-10T18:58:32+08:00 ] ::1 /project/Public/Details/js/lbf.js
ERR: 无法加载模块:Public

[ 2017-01-10T18:58:32+08:00 ] ::1 /project/Public/Details/images/op_tag.0.2.png
ERR: 无法加载模块:Public

[ 2017-01-10T18:58:32+08:00 ] ::1 /project/Public/Details/images/sprite.0.4.png
ERR: 无法加载模块:Public

[ 2017-01-10T19:00:14+08:00 ] ::1 /project/Public/Details/js/lbf.js
ERR: 无法加载模块:Public

[ 2017-01-10T19:00:14+08:00 ] ::1 /project/Public/Details/js/lbf.js
ERR: 无法加载模块:Public

[ 2017-01-10T19:00:14+08:00 ] ::1 /project/Public/Details/images/op_tag.0.2.png
ERR: 无法加载模块:Public

[ 2017-01-10T19:00:14+08:00 ] ::1 /project/Public/Details/images/sprite.0.4.png
ERR: 无法加载模块:Public

[ 2017-01-10T19:00:39+08:00 ] ::1 /project/Public/Details/js/lbf.js
ERR: 无法加载模块:Public

[ 2017-01-10T19:00:39+08:00 ] ::1 /project/Public/Details/images/op_tag.0.2.png
ERR: 无法加载模块:Public

[ 2017-01-10T19:00:40+08:00 ] ::1 /project/Public/Details/images/sprite.0.4.png
ERR: 无法加载模块:Public

[ 2017-01-10T19:03:00+08:00 ] ::1 /project/Public/Details/js/lbf.js
ERR: 无法加载模块:Public

[ 2017-01-10T19:03:00+08:00 ] ::1 /project/Public/Details/images/op_tag.0.2.png
ERR: 无法加载模块:Public

[ 2017-01-10T19:03:00+08:00 ] ::1 /project/Public/Details/images/sprite.0.4.png
ERR: 无法加载模块:Public

[ 2017-01-10T19:03:00+08:00 ] ::1 /project/Public/Details/js/lbf.js
ERR: 无法加载模块:Public

[ 2017-01-10T19:03:03+08:00 ] ::1 /project/Public/Details/js/lbf.js
ERR: 无法加载模块:Public

[ 2017-01-10T19:03:03+08:00 ] ::1 /project/Public/Details/images/op_tag.0.2.png
ERR: 无法加载模块:Public

[ 2017-01-10T19:03:03+08:00 ] ::1 /project/Public/Details/images/sprite.0.4.png
ERR: 无法加载模块:Public

[ 2017-01-10T19:45:31+08:00 ] ::1 /project/Public/Details/js/lbf.js
ERR: 无法加载模块:Public

[ 2017-01-10T19:45:31+08:00 ] ::1 /project/Public/Details/js/lbf.js
ERR: 无法加载模块:Public

[ 2017-01-10T19:45:31+08:00 ] ::1 /project/Public/Details/images/op_tag.0.2.png
ERR: 无法加载模块:Public

[ 2017-01-10T19:45:31+08:00 ] ::1 /project/Public/Details/images/sprite.0.4.png
ERR: 无法加载模块:Public

[ 2017-01-10T19:46:02+08:00 ] ::1 /project/Public/Details/js/lbf.js
ERR: 无法加载模块:Public

[ 2017-01-10T19:46:03+08:00 ] ::1 /project/Public/Details/images/op_tag.0.2.png
ERR: 无法加载模块:Public

[ 2017-01-10T19:46:03+08:00 ] ::1 /project/Public/Details/images/sprite.0.4.png
ERR: 无法加载模块:Public

[ 2017-01-10T19:57:06+08:00 ] ::1 /project/Public/Details/js/lbf.js
ERR: 无法加载模块:Public

[ 2017-01-10T19:57:06+08:00 ] ::1 /project/Public/Details/images/op_tag.0.2.png
ERR: 无法加载模块:Public

[ 2017-01-10T19:57:06+08:00 ] ::1 /project/Public/Details/js/lbf.js
ERR: 无法加载模块:Public

[ 2017-01-10T19:57:06+08:00 ] ::1 /project/Public/Details/images/sprite.0.4.png
ERR: 无法加载模块:Public

[ 2017-01-10T19:57:23+08:00 ] ::1 /project/Public/Details/js/lbf.js
ERR: 无法加载模块:Public

[ 2017-01-10T19:57:23+08:00 ] ::1 /project/Public/Details/images/op_tag.0.2.png
ERR: 无法加载模块:Public

[ 2017-01-10T19:57:23+08:00 ] ::1 /project/Public/Details/js/lbf.js
ERR: 无法加载模块:Public

[ 2017-01-10T19:57:23+08:00 ] ::1 /project/Public/Details/images/sprite.0.4.png
ERR: 无法加载模块:Public

[ 2017-01-10T19:57:50+08:00 ] ::1 /project/Public/Details/js/lbf.js
ERR: 无法加载模块:Public

[ 2017-01-10T19:57:50+08:00 ] ::1 /project/Public/Details/images/op_tag.0.2.png
ERR: 无法加载模块:Public

[ 2017-01-10T19:57:50+08:00 ] ::1 /project/Public/Details/images/sprite.0.4.png
ERR: 无法加载模块:Public

[ 2017-01-10T19:58:09+08:00 ] ::1 /project/Public/Details/js/lbf.js
ERR: 无法加载模块:Public

[ 2017-01-10T19:58:09+08:00 ] ::1 /project/Public/Details/js/lbf.js
ERR: 无法加载模块:Public

[ 2017-01-10T19:58:09+08:00 ] ::1 /project/Public/Details/images/op_tag.0.2.png
ERR: 无法加载模块:Public

[ 2017-01-10T19:58:09+08:00 ] ::1 /project/Public/Details/images/sprite.0.4.png
ERR: 无法加载模块:Public

[ 2017-01-10T19:58:55+08:00 ] ::1 /project/Public/Details/js/lbf.js
ERR: 无法加载模块:Public

[ 2017-01-10T19:58:55+08:00 ] ::1 /project/Public/Details/js/lbf.js
ERR: 无法加载模块:Public

[ 2017-01-10T19:58:55+08:00 ] ::1 /project/Public/Details/images/sprite.0.4.png
ERR: 无法加载模块:Public

[ 2017-01-10T19:58:55+08:00 ] ::1 /project/Public/Details/images/op_tag.0.2.png
ERR: 无法加载模块:Public

[ 2017-01-10T19:59:22+08:00 ] ::1 /project/Public/Details/js/lbf.js
ERR: 无法加载模块:Public

[ 2017-01-10T19:59:22+08:00 ] ::1 /project/Public/Details/images/op_tag.0.2.png
ERR: 无法加载模块:Public

[ 2017-01-10T19:59:22+08:00 ] ::1 /project/Public/Details/images/sprite.0.4.png
ERR: 无法加载模块:Public

[ 2017-01-10T20:15:06+08:00 ] ::1 /project/Public/Details/images/op_tag.0.2.png
ERR: 无法加载模块:Public

[ 2017-01-10T20:15:06+08:00 ] ::1 /project/Public/Details/js/lbf.js
ERR: 无法加载模块:Public

[ 2017-01-10T20:15:06+08:00 ] ::1 /project/Public/Details/images/sprite.0.4.png
ERR: 无法加载模块:Public

[ 2017-01-10T20:15:17+08:00 ] ::1 /project/Public/Details/js/lbf.js
ERR: 无法加载模块:Public

[ 2017-01-10T20:15:17+08:00 ] ::1 /project/Public/Details/images/op_tag.0.2.png
ERR: 无法加载模块:Public

[ 2017-01-10T20:15:17+08:00 ] ::1 /project/Public/Details/images/sprite.0.4.png
ERR: 无法加载模块:Public

[ 2017-01-10T20:43:48+08:00 ] ::1 /project/Public/Details/js/lbf.js
ERR: 无法加载模块:Public

[ 2017-01-10T20:43:48+08:00 ] ::1 /project/Public/Details/js/lbf.js
ERR: 无法加载模块:Public

[ 2017-01-10T20:43:48+08:00 ] ::1 /project/Public/Details/images/op_tag.0.2.png
ERR: 无法加载模块:Public

[ 2017-01-10T20:43:48+08:00 ] ::1 /project/Public/Details/images/sprite.0.4.png
ERR: 无法加载模块:Public

[ 2017-01-10T21:11:50+08:00 ] ::1 /project/Public/Book/$vo['bookpic']
ERR: 无法加载模块:Public

[ 2017-01-10T21:11:50+08:00 ] ::1 /project/Public/Book/$vo['bookpic']
ERR: 无法加载模块:Public

