[ 2017-01-06T17:12:25+08:00 ] ::1 /project/admin/index/assets/plugins/bootstrap/css/bootstrap.css
ERR: 非法操作:assets

[ 2017-01-06T17:12:25+08:00 ] ::1 /project/admin/index/assets/css/main.css
ERR: 非法操作:assets

[ 2017-01-06T17:12:25+08:00 ] ::1 /project/admin/index/assets/css/theme.css
ERR: 非法操作:assets

[ 2017-01-06T17:12:25+08:00 ] ::1 /project/admin/index/assets/css/MoneAdmin.css
ERR: 非法操作:assets

[ 2017-01-06T17:12:25+08:00 ] ::1 /project/admin/index/assets/plugins/Font-Awesome/css/font-awesome.css
ERR: 非法操作:assets

[ 2017-01-06T17:12:25+08:00 ] ::1 /project/admin/index/assets/css/layout2.css
ERR: 非法操作:assets

[ 2017-01-06T17:12:25+08:00 ] ::1 /project/admin/index/assets/plugins/flot/examples/examples.css
ERR: 非法操作:assets

[ 2017-01-06T17:12:25+08:00 ] ::1 /project/admin/index/assets/plugins/timeline/timeline.css
ERR: 非法操作:assets

[ 2017-01-06T17:12:25+08:00 ] ::1 /project/admin/index/assets/plugins/jquery-2.0.3.min.js
ERR: 非法操作:assets

[ 2017-01-06T17:12:25+08:00 ] ::1 /project/admin/index/assets/plugins/modernizr-2.6.2-respond-1.1.0.min.js
ERR: 非法操作:assets

[ 2017-01-06T17:12:26+08:00 ] ::1 /project/admin/index/assets/plugins/flot/jquery.flot.js
ERR: 非法操作:assets

[ 2017-01-06T17:12:26+08:00 ] ::1 /project/admin/index/assets/plugins/flot/jquery.flot.resize.js
ERR: 非法操作:assets

[ 2017-01-06T17:12:26+08:00 ] ::1 /project/admin/index/assets/plugins/bootstrap/js/bootstrap.min.js
ERR: 非法操作:assets

[ 2017-01-06T17:12:26+08:00 ] ::1 /project/admin/index/assets/plugins/flot/jquery.flot.time.js
ERR: 非法操作:assets

[ 2017-01-06T17:12:26+08:00 ] ::1 /project/admin/index/assets/plugins/flot/jquery.flot.stack.js
ERR: 非法操作:assets

[ 2017-01-06T17:12:26+08:00 ] ::1 /project/admin/index/assets/js/for_index.js
ERR: 非法操作:assets

[ 2017-01-06T17:12:26+08:00 ] ::1 /project/admin/index/assets/plugins/modernizr-2.6.2-respond-1.1.0.min.js
ERR: 非法操作:assets

[ 2017-01-06T17:12:26+08:00 ] ::1 /project/admin/index/assets/plugins/flot/jquery.flot.js
ERR: 非法操作:assets

[ 2017-01-06T17:12:26+08:00 ] ::1 /project/admin/index/assets/plugins/flot/jquery.flot.resize.js
ERR: 非法操作:assets

[ 2017-01-06T17:12:26+08:00 ] ::1 /project/admin/index/assets/plugins/flot/jquery.flot.time.js
ERR: 非法操作:assets

[ 2017-01-06T17:12:26+08:00 ] ::1 /project/admin/index/assets/plugins/flot/jquery.flot.stack.js
ERR: 非法操作:assets

[ 2017-01-06T17:12:26+08:00 ] ::1 /project/admin/index/assets/js/for_index.js
ERR: 非法操作:assets

[ 2017-01-06T17:46:18+08:00 ] ::1 /project/admin/AdminUser/index
ERR: 无法加载数据库驱动: Think\Db\Driver\

[ 2017-01-06T17:47:01+08:00 ] ::1 /project/admin/AdminUser/index
ERR: 无法加载数据库驱动: Think\Db\Driver\

[ 2017-01-06T17:47:02+08:00 ] ::1 /project/admin/AdminUser/index
ERR: 无法加载数据库驱动: Think\Db\Driver\

[ 2017-01-06T17:47:02+08:00 ] ::1 /project/admin/AdminUser/index
ERR: 无法加载数据库驱动: Think\Db\Driver\

[ 2017-01-06T17:47:02+08:00 ] ::1 /project/admin/AdminUser/index
ERR: 无法加载数据库驱动: Think\Db\Driver\

[ 2017-01-06T17:47:49+08:00 ] ::1 /project/admin/AdminUser/index
ERR: 无法加载数据库驱动: Think\Db\Driver\

[ 2017-01-06T17:47:50+08:00 ] ::1 /project/admin/AdminUser/index
ERR: 无法加载数据库驱动: Think\Db\Driver\

[ 2017-01-06T17:47:50+08:00 ] ::1 /project/admin/AdminUser/index
ERR: 无法加载数据库驱动: Think\Db\Driver\

[ 2017-01-06T17:47:50+08:00 ] ::1 /project/admin/AdminUser/index
ERR: 无法加载数据库驱动: Think\Db\Driver\

[ 2017-01-06T17:47:50+08:00 ] ::1 /project/admin/AdminUser/index
ERR: 无法加载数据库驱动: Think\Db\Driver\

[ 2017-01-06T17:47:50+08:00 ] ::1 /project/admin/AdminUser/index
ERR: 无法加载数据库驱动: Think\Db\Driver\

[ 2017-01-06T17:50:49+08:00 ] ::1 /project/admin/AdminUser/index
ERR: 无法加载数据库驱动: Think\Db\Driver\

[ 2017-01-06T17:50:49+08:00 ] ::1 /project/admin/AdminUser/index
ERR: 无法加载数据库驱动: Think\Db\Driver\

[ 2017-01-06T17:50:50+08:00 ] ::1 /project/admin/AdminUser/index
ERR: 无法加载数据库驱动: Think\Db\Driver\

[ 2017-01-06T17:50:50+08:00 ] ::1 /project/admin/AdminUser/index
ERR: 无法加载数据库驱动: Think\Db\Driver\

[ 2017-01-06T17:50:50+08:00 ] ::1 /project/admin/AdminUser/index
ERR: 无法加载数据库驱动: Think\Db\Driver\

[ 2017-01-06T17:50:50+08:00 ] ::1 /project/admin/AdminUser/index
ERR: 无法加载数据库驱动: Think\Db\Driver\

[ 2017-01-06T17:50:50+08:00 ] ::1 /project/admin/AdminUser/index
ERR: 无法加载数据库驱动: Think\Db\Driver\

[ 2017-01-06T17:50:51+08:00 ] ::1 /project/admin/AdminUser/index
ERR: 无法加载数据库驱动: Think\Db\Driver\

[ 2017-01-06T17:50:51+08:00 ] ::1 /project/admin/AdminUser/index
ERR: 无法加载数据库驱动: Think\Db\Driver\

[ 2017-01-06T17:50:51+08:00 ] ::1 /project/admin/AdminUser/index
ERR: 无法加载数据库驱动: Think\Db\Driver\

[ 2017-01-06T17:50:52+08:00 ] ::1 /project/admin/AdminUser/index
ERR: 无法加载数据库驱动: Think\Db\Driver\

[ 2017-01-06T17:50:52+08:00 ] ::1 /project/admin/AdminUser/index
ERR: 无法加载数据库驱动: Think\Db\Driver\

[ 2017-01-06T17:50:52+08:00 ] ::1 /project/admin/AdminUser/index
ERR: 无法加载数据库驱动: Think\Db\Driver\

[ 2017-01-06T17:50:52+08:00 ] ::1 /project/admin/AdminUser/index
ERR: 无法加载数据库驱动: Think\Db\Driver\

[ 2017-01-06T17:50:52+08:00 ] ::1 /project/admin/AdminUser/index
ERR: 无法加载数据库驱动: Think\Db\Driver\

[ 2017-01-06T17:51:02+08:00 ] ::1 /project/admin/AdminUser/assets/css/main.css
ERR: 非法操作:assets

[ 2017-01-06T17:51:02+08:00 ] ::1 /project/admin/AdminUser/assets/plugins/bootstrap/css/bootstrap.css
ERR: 非法操作:assets

[ 2017-01-06T17:51:02+08:00 ] ::1 /project/admin/AdminUser/assets/plugins/timeline/timeline.css
ERR: 非法操作:assets

[ 2017-01-06T17:51:02+08:00 ] ::1 /project/admin/AdminUser/assets/plugins/jquery-2.0.3.min.js
ERR: 非法操作:assets

[ 2017-01-06T17:51:02+08:00 ] ::1 /project/admin/AdminUser/assets/plugins/flot/examples/examples.css
ERR: 非法操作:assets

[ 2017-01-06T17:51:02+08:00 ] ::1 /project/admin/AdminUser/assets/plugins/bootstrap/js/bootstrap.min.js
ERR: 非法操作:assets

[ 2017-01-06T17:51:02+08:00 ] ::1 /project/admin/AdminUser/assets/plugins/modernizr-2.6.2-respond-1.1.0.min.js
ERR: 非法操作:assets

[ 2017-01-06T17:51:02+08:00 ] ::1 /project/admin/AdminUser/assets/css/theme.css
ERR: 非法操作:assets

[ 2017-01-06T17:51:02+08:00 ] ::1 /project/admin/AdminUser/assets/plugins/Font-Awesome/css/font-awesome.css
ERR: 非法操作:assets

[ 2017-01-06T17:51:02+08:00 ] ::1 /project/admin/AdminUser/assets/plugins/flot/jquery.flot.js
ERR: 非法操作:assets

[ 2017-01-06T17:51:02+08:00 ] ::1 /project/admin/AdminUser/assets/css/MoneAdmin.css
ERR: 非法操作:assets

[ 2017-01-06T17:51:02+08:00 ] ::1 /project/admin/AdminUser/assets/plugins/flot/jquery.flot.resize.js
ERR: 非法操作:assets

[ 2017-01-06T17:51:02+08:00 ] ::1 /project/admin/AdminUser/assets/js/for_index.js
ERR: 非法操作:assets

[ 2017-01-06T17:51:02+08:00 ] ::1 /project/admin/AdminUser/assets/plugins/flot/jquery.flot.time.js
ERR: 非法操作:assets

[ 2017-01-06T17:51:02+08:00 ] ::1 /project/admin/AdminUser/assets/plugins/flot/jquery.flot.stack.js
ERR: 非法操作:assets

[ 2017-01-06T17:51:02+08:00 ] ::1 /project/admin/AdminUser/assets/css/layout2.css
ERR: 非法操作:assets

[ 2017-01-06T17:51:02+08:00 ] ::1 /project/admin/AdminUser/assets/plugins/bootstrap/js/bootstrap.min.js
ERR: 非法操作:assets

[ 2017-01-06T17:51:02+08:00 ] ::1 /project/admin/AdminUser/assets/plugins/modernizr-2.6.2-respond-1.1.0.min.js
ERR: 非法操作:assets

[ 2017-01-06T17:51:02+08:00 ] ::1 /project/admin/AdminUser/assets/plugins/flot/jquery.flot.js
ERR: 非法操作:assets

[ 2017-01-06T17:51:02+08:00 ] ::1 /project/admin/AdminUser/assets/plugins/flot/jquery.flot.resize.js
ERR: 非法操作:assets

[ 2017-01-06T17:51:02+08:00 ] ::1 /project/admin/AdminUser/assets/plugins/flot/jquery.flot.time.js
ERR: 非法操作:assets

[ 2017-01-06T17:51:02+08:00 ] ::1 /project/admin/AdminUser/assets/plugins/flot/jquery.flot.stack.js
ERR: 非法操作:assets

[ 2017-01-06T17:51:02+08:00 ] ::1 /project/admin/AdminUser/assets/js/for_index.js
ERR: 非法操作:assets

[ 2017-01-06T18:17:41+08:00 ] ::1 /project/admin/index/button.html
ERR: 非法操作:button

[ 2017-01-06T19:13:00+08:00 ] ::1 /project/index.php/Admin/AdminUser/index.html
ERR: 无法加载数据库驱动: Think\Db\Driver\

[ 2017-01-06T19:13:23+08:00 ] ::1 /project/index.php/Admin/AdminUser/index.html
ERR: 无法加载数据库驱动: Think\Db\Driver\

[ 2017-01-06T19:13:25+08:00 ] ::1 /project/index.php/Admin/AdminUser/index.html
ERR: 无法加载数据库驱动: Think\Db\Driver\

[ 2017-01-06T19:13:25+08:00 ] ::1 /project/index.php/Admin/AdminUser/index.html
ERR: 无法加载数据库驱动: Think\Db\Driver\

[ 2017-01-06T19:13:25+08:00 ] ::1 /project/index.php/Admin/AdminUser/index.html
ERR: 无法加载数据库驱动: Think\Db\Driver\

[ 2017-01-06T19:13:26+08:00 ] ::1 /project/index.php/Admin/AdminUser/index.html
ERR: 无法加载数据库驱动: Think\Db\Driver\

[ 2017-01-06T19:13:26+08:00 ] ::1 /project/index.php/Admin/AdminUser/index.html
ERR: 无法加载数据库驱动: Think\Db\Driver\

[ 2017-01-06T19:13:26+08:00 ] ::1 /project/index.php/Admin/AdminUser/index.html
ERR: 无法加载数据库驱动: Think\Db\Driver\

[ 2017-01-06T19:13:26+08:00 ] ::1 /project/index.php/Admin/AdminUser/index.html
ERR: 无法加载数据库驱动: Think\Db\Driver\

[ 2017-01-06T19:30:12+08:00 ] ::1 /project/index.php/Admin/AdminUser/pages_calendar.html
ERR: 非法操作:pages_calendar

