[ 2017-01-09T10:33:04+08:00 ] ::1 /project/index.php/Admin/public/assets/plugins/bootstrap/css/bootstrap.css
ERR: 非法操作:assets

[ 2017-01-09T10:33:04+08:00 ] ::1 /project/index.php/Admin/public/assets/css/login.css
ERR: 非法操作:assets

[ 2017-01-09T10:33:04+08:00 ] ::1 /project/index.php/Admin/public/assets/plugins/bootstrap/js/bootstrap.js
ERR: 非法操作:assets

[ 2017-01-09T10:33:04+08:00 ] ::1 /project/index.php/Admin/public/assets/plugins/magic/magic.css
ERR: 非法操作:assets

[ 2017-01-09T10:33:04+08:00 ] ::1 /project/index.php/Admin/public/assets/plugins/jquery-2.0.3.min.js
ERR: 非法操作:assets

[ 2017-01-09T10:33:04+08:00 ] ::1 /project/index.php/Admin/public/assets/js/login.js
ERR: 非法操作:assets

[ 2017-01-09T10:33:04+08:00 ] ::1 /project/index.php/Admin/public/assets/plugins/bootstrap/js/bootstrap.js
ERR: 非法操作:assets

[ 2017-01-09T10:33:04+08:00 ] ::1 /project/index.php/Admin/public/assets/js/login.js
ERR: 非法操作:assets

[ 2017-01-09T10:33:05+08:00 ] ::1 /project/index.php/Admin/public/assets/plugins/bootstrap/css/bootstrap.css
ERR: 非法操作:assets

[ 2017-01-09T10:33:05+08:00 ] ::1 /project/index.php/Admin/public/assets/css/login.css
ERR: 非法操作:assets

[ 2017-01-09T10:33:05+08:00 ] ::1 /project/index.php/Admin/public/assets/plugins/bootstrap/js/bootstrap.js
ERR: 非法操作:assets

[ 2017-01-09T10:33:05+08:00 ] ::1 /project/index.php/Admin/public/assets/js/login.js
ERR: 非法操作:assets

[ 2017-01-09T10:33:05+08:00 ] ::1 /project/index.php/Admin/public/assets/plugins/jquery-2.0.3.min.js
ERR: 非法操作:assets

[ 2017-01-09T10:33:05+08:00 ] ::1 /project/index.php/Admin/public/assets/plugins/magic/magic.css
ERR: 非法操作:assets

[ 2017-01-09T10:33:05+08:00 ] ::1 /project/index.php/Admin/public/assets/plugins/bootstrap/js/bootstrap.js
ERR: 非法操作:assets

[ 2017-01-09T10:33:05+08:00 ] ::1 /project/index.php/Admin/public/assets/js/login.js
ERR: 非法操作:assets

[ 2017-01-09T10:33:44+08:00 ] ::1 /project/index.php/Admin/public/assets/plugins/bootstrap/css/bootstrap.css
ERR: 非法操作:assets

[ 2017-01-09T10:33:44+08:00 ] ::1 /project/index.php/Admin/public/assets/css/login.css
ERR: 非法操作:assets

[ 2017-01-09T10:33:44+08:00 ] ::1 /project/index.php/Admin/public/assets/plugins/jquery-2.0.3.min.js
ERR: 非法操作:assets

[ 2017-01-09T10:33:44+08:00 ] ::1 /project/index.php/Admin/public/assets/plugins/magic/magic.css
ERR: 非法操作:assets

[ 2017-01-09T10:33:44+08:00 ] ::1 /project/index.php/Admin/public/assets/js/login.js
ERR: 非法操作:assets

[ 2017-01-09T10:33:44+08:00 ] ::1 /project/index.php/Admin/public/assets/plugins/bootstrap/js/bootstrap.js
ERR: 非法操作:assets

[ 2017-01-09T10:33:44+08:00 ] ::1 /project/index.php/Admin/public/assets/js/login.js
ERR: 非法操作:assets

[ 2017-01-09T10:33:45+08:00 ] ::1 /project/index.php/Admin/public/assets/plugins/bootstrap/css/bootstrap.css
ERR: 非法操作:assets

[ 2017-01-09T10:33:45+08:00 ] ::1 /project/index.php/Admin/public/assets/plugins/jquery-2.0.3.min.js
ERR: 非法操作:assets

[ 2017-01-09T10:33:45+08:00 ] ::1 /project/index.php/Admin/public/assets/plugins/bootstrap/js/bootstrap.js
ERR: 非法操作:assets

[ 2017-01-09T10:33:45+08:00 ] ::1 /project/index.php/Admin/public/assets/js/login.js
ERR: 非法操作:assets

[ 2017-01-09T10:33:45+08:00 ] ::1 /project/index.php/Admin/public/assets/plugins/magic/magic.css
ERR: 非法操作:assets

[ 2017-01-09T10:33:45+08:00 ] ::1 /project/index.php/Admin/public/assets/css/login.css
ERR: 非法操作:assets

[ 2017-01-09T10:33:45+08:00 ] ::1 /project/index.php/Admin/public/assets/plugins/bootstrap/js/bootstrap.js
ERR: 非法操作:assets

[ 2017-01-09T10:33:45+08:00 ] ::1 /project/index.php/Admin/public/assets/js/login.js
ERR: 非法操作:assets

[ 2017-01-09T10:33:45+08:00 ] ::1 /project/index.php/Admin/public/assets/plugins/bootstrap/js/bootstrap.js
ERR: 非法操作:assets

[ 2017-01-09T10:33:45+08:00 ] ::1 /project/index.php/Admin/public/assets/plugins/bootstrap/css/bootstrap.css
ERR: 非法操作:assets

[ 2017-01-09T10:33:45+08:00 ] ::1 /project/index.php/Admin/public/assets/css/login.css
ERR: 非法操作:assets

[ 2017-01-09T10:33:45+08:00 ] ::1 /project/index.php/Admin/public/assets/plugins/jquery-2.0.3.min.js
ERR: 非法操作:assets

[ 2017-01-09T10:33:45+08:00 ] ::1 /project/index.php/Admin/public/assets/plugins/magic/magic.css
ERR: 非法操作:assets

[ 2017-01-09T10:33:45+08:00 ] ::1 /project/index.php/Admin/public/assets/js/login.js
ERR: 非法操作:assets

[ 2017-01-09T10:33:46+08:00 ] ::1 /project/index.php/Admin/public/assets/plugins/bootstrap/js/bootstrap.js
ERR: 非法操作:assets

[ 2017-01-09T10:33:46+08:00 ] ::1 /project/index.php/Admin/public/assets/js/login.js
ERR: 非法操作:assets

[ 2017-01-09T10:33:46+08:00 ] ::1 /project/index.php/Admin/public/assets/plugins/jquery-2.0.3.min.js
ERR: 非法操作:assets

[ 2017-01-09T10:33:46+08:00 ] ::1 /project/index.php/Admin/public/assets/css/login.css
ERR: 非法操作:assets

[ 2017-01-09T10:33:46+08:00 ] ::1 /project/index.php/Admin/public/assets/plugins/magic/magic.css
ERR: 非法操作:assets

[ 2017-01-09T10:33:46+08:00 ] ::1 /project/index.php/Admin/public/assets/plugins/bootstrap/css/bootstrap.css
ERR: 非法操作:assets

[ 2017-01-09T10:33:46+08:00 ] ::1 /project/index.php/Admin/public/assets/plugins/bootstrap/js/bootstrap.js
ERR: 非法操作:assets

[ 2017-01-09T10:33:46+08:00 ] ::1 /project/index.php/Admin/public/assets/js/login.js
ERR: 非法操作:assets

[ 2017-01-09T10:33:46+08:00 ] ::1 /project/index.php/Admin/public/assets/plugins/bootstrap/css/bootstrap.css
ERR: 非法操作:assets

[ 2017-01-09T10:33:46+08:00 ] ::1 /project/index.php/Admin/public/assets/css/login.css
ERR: 非法操作:assets

[ 2017-01-09T10:33:46+08:00 ] ::1 /project/index.php/Admin/public/assets/plugins/bootstrap/js/bootstrap.js
ERR: 非法操作:assets

[ 2017-01-09T10:33:46+08:00 ] ::1 /project/index.php/Admin/public/assets/js/login.js
ERR: 非法操作:assets

[ 2017-01-09T10:33:46+08:00 ] ::1 /project/index.php/Admin/public/assets/plugins/magic/magic.css
ERR: 非法操作:assets

[ 2017-01-09T10:33:46+08:00 ] ::1 /project/index.php/Admin/public/assets/plugins/jquery-2.0.3.min.js
ERR: 非法操作:assets

[ 2017-01-09T10:33:46+08:00 ] ::1 /project/index.php/Admin/public/assets/plugins/bootstrap/js/bootstrap.js
ERR: 非法操作:assets

[ 2017-01-09T10:33:46+08:00 ] ::1 /project/index.php/Admin/public/assets/js/login.js
ERR: 非法操作:assets

[ 2017-01-09T10:33:46+08:00 ] ::1 /project/index.php/Admin/public/assets/plugins/magic/magic.css
ERR: 非法操作:assets

[ 2017-01-09T10:33:46+08:00 ] ::1 /project/index.php/Admin/public/assets/css/login.css
ERR: 非法操作:assets

[ 2017-01-09T10:33:46+08:00 ] ::1 /project/index.php/Admin/public/assets/plugins/bootstrap/css/bootstrap.css
ERR: 非法操作:assets

[ 2017-01-09T10:33:46+08:00 ] ::1 /project/index.php/Admin/public/assets/plugins/bootstrap/js/bootstrap.js
ERR: 非法操作:assets

[ 2017-01-09T10:33:47+08:00 ] ::1 /project/index.php/Admin/public/assets/plugins/jquery-2.0.3.min.js
ERR: 非法操作:assets

[ 2017-01-09T10:33:47+08:00 ] ::1 /project/index.php/Admin/public/assets/js/login.js
ERR: 非法操作:assets

[ 2017-01-09T10:33:47+08:00 ] ::1 /project/index.php/Admin/public/assets/plugins/bootstrap/js/bootstrap.js
ERR: 非法操作:assets

[ 2017-01-09T10:33:47+08:00 ] ::1 /project/index.php/Admin/public/assets/js/login.js
ERR: 非法操作:assets

[ 2017-01-09T10:33:50+08:00 ] ::1 /project/index.php/Admin/public/assets/css/login.css
ERR: 非法操作:assets

[ 2017-01-09T10:33:50+08:00 ] ::1 /project/index.php/Admin/public/assets/plugins/magic/magic.css
ERR: 非法操作:assets

[ 2017-01-09T10:33:50+08:00 ] ::1 /project/index.php/Admin/public/assets/plugins/bootstrap/js/bootstrap.js
ERR: 非法操作:assets

[ 2017-01-09T10:33:50+08:00 ] ::1 /project/index.php/Admin/public/assets/plugins/jquery-2.0.3.min.js
ERR: 非法操作:assets

[ 2017-01-09T10:33:50+08:00 ] ::1 /project/index.php/Admin/public/assets/js/login.js
ERR: 非法操作:assets

[ 2017-01-09T10:33:50+08:00 ] ::1 /project/index.php/Admin/public/assets/plugins/bootstrap/css/bootstrap.css
ERR: 非法操作:assets

[ 2017-01-09T10:33:50+08:00 ] ::1 /project/index.php/Admin/public/assets/plugins/bootstrap/js/bootstrap.js
ERR: 非法操作:assets

[ 2017-01-09T10:33:50+08:00 ] ::1 /project/index.php/Admin/public/assets/js/login.js
ERR: 非法操作:assets

[ 2017-01-09T10:37:06+08:00 ] ::1 /project/index.php/Admin/public/index.html?
ERR: 非法操作:index

[ 2017-01-09T10:44:20+08:00 ] ::1 /project/index.php/Admin/public/%3C/project/index.php/Admin/Public/verify.html%3E
ERR: 非法操作:

[ 2017-01-09T10:44:34+08:00 ] ::1 /project/index.php/Admin/public/%3C/project/index.php/Admin/Public/verify.html%3E
ERR: 非法操作:

[ 2017-01-09T10:45:54+08:00 ] ::1 /project/index.php/Admin/public/%3C/project/index.php/Admin/Public/verify.html%3E
ERR: 非法操作:

[ 2017-01-09T10:46:20+08:00 ] ::1 /project/index.php/Admin/public/%3C/project/index.php/Admin/Public/verify.html%3E
ERR: 非法操作:

[ 2017-01-09T10:46:21+08:00 ] ::1 /project/index.php/Admin/public/%3C/project/index.php/Admin/Public/verify.html%3E
ERR: 非法操作:

[ 2017-01-09T10:46:44+08:00 ] ::1 /project/index.php/Admin/public/%3C/project/index.php/Admin/Public/verify.html%3E
ERR: 非法操作:

[ 2017-01-09T10:46:59+08:00 ] ::1 /project/index.php/Admin/public/%3C/project/index.php/Admin/Public/verify.html%3E
ERR: 非法操作:

[ 2017-01-09T10:47:22+08:00 ] ::1 /project/index.php/Admin/public/%3C/project/index.php/Admin/Public/verify.html%3E
ERR: 非法操作:

[ 2017-01-09T10:48:44+08:00 ] ::1 /project/index.php/Admin/public/%3C/project/index.php/Admin/Public/verify.html%3E
ERR: 非法操作:

[ 2017-01-09T10:48:44+08:00 ] ::1 /project/index.php/Admin/public/%3C/project/index.php/Admin/Public/verify.html%3E
ERR: 非法操作:

[ 2017-01-09T10:49:58+08:00 ] ::1 /project/index.php/Admin/public/%3C/project/index.php/Admin/Public/verify.html%3E
ERR: 非法操作:

[ 2017-01-09T10:49:58+08:00 ] ::1 /project/index.php/Admin/public/%3C/project/index.php/Admin/Public/verify.html%3E
ERR: 非法操作:

[ 2017-01-09T10:49:58+08:00 ] ::1 /project/index.php/Admin/public/%3C/project/index.php/Admin/Public/verify.html%3E
ERR: 非法操作:

[ 2017-01-09T10:49:59+08:00 ] ::1 /project/index.php/Admin/public/%3C/project/index.php/Admin/Public/verify.html%3E
ERR: 非法操作:

[ 2017-01-09T10:49:59+08:00 ] ::1 /project/index.php/Admin/public/%3C/project/index.php/Admin/Public/verify.html%3E?0.7072070550714944
ERR: 非法操作:

[ 2017-01-09T10:49:59+08:00 ] ::1 /project/index.php/Admin/public/%3C/project/index.php/Admin/Public/verify.html%3E?0.7072070550714944?0.26064909978166395
ERR: 非法操作:

[ 2017-01-09T10:50:00+08:00 ] ::1 /project/index.php/Admin/public/%3C/project/index.php/Admin/Public/verify.html%3E?0.7072070550714944?0.26064909978166395?0.05350285787940323
ERR: 非法操作:

[ 2017-01-09T10:50:39+08:00 ] ::1 /project/index.php/Admin/public/%3C/project/index.php/Admin/Public/verify.html%3E
ERR: 非法操作:

[ 2017-01-09T10:53:36+08:00 ] ::1 /project/index.php/Admin/public/%3C/project/index.php/Admin/Public/verify.html%3E
ERR: 非法操作:

[ 2017-01-09T10:53:36+08:00 ] ::1 /project/index.php/Admin/public/%3C/project/index.php/Admin/Public/verify.html%3E
ERR: 非法操作:

[ 2017-01-09T10:53:37+08:00 ] ::1 /project/index.php/Admin/public/%3C/project/index.php/Admin/Public/verify.html%3E?0.7707847241489845
ERR: 非法操作:

[ 2017-01-09T10:53:38+08:00 ] ::1 /project/index.php/Admin/public/%3C/project/index.php/Admin/Public/verify.html%3E?0.7707847241489845?0.151492042454485
ERR: 非法操作:

[ 2017-01-09T10:53:38+08:00 ] ::1 /project/index.php/Admin/public/%3C/project/index.php/Admin/Public/verify.html%3E?0.7707847241489845?0.151492042454485?0.10354908625202985
ERR: 非法操作:

[ 2017-01-09T10:53:39+08:00 ] ::1 /project/index.php/Admin/public/%3C/project/index.php/Admin/Public/verify.html%3E?0.7707847241489845?0.151492042454485?0.10354908625202985?0.3478478519439674
ERR: 非法操作:

[ 2017-01-09T10:53:39+08:00 ] ::1 /project/index.php/Admin/public/%3C/project/index.php/Admin/Public/verify.html%3E?0.7707847241489845?0.151492042454485?0.10354908625202985?0.3478478519439674?0.020560523638506023
ERR: 非法操作:

[ 2017-01-09T10:53:39+08:00 ] ::1 /project/index.php/Admin/public/%3C/project/index.php/Admin/Public/verify.html%3E?0.7707847241489845?0.151492042454485?0.10354908625202985?0.3478478519439674?0.020560523638506023?0.4671106383145227
ERR: 非法操作:

[ 2017-01-09T10:54:05+08:00 ] ::1 /project/index.php/Admin/public/%3C/project/index.php/Admin/Public/verify.html%3E
ERR: 非法操作:

[ 2017-01-09T10:54:06+08:00 ] ::1 /project/index.php/Admin/public/%3C/project/index.php/Admin/Public/verify.html%3E
ERR: 非法操作:

[ 2017-01-09T10:54:54+08:00 ] ::1 /project/index.php/Admin/public/%3C/project/index.php/Admin/Public/verify.html%3E
ERR: 非法操作:

[ 2017-01-09T10:54:55+08:00 ] ::1 /project/index.php/Admin/public/%3C/project/index.php/Admin/Public/verify.html%3E
ERR: 非法操作:

[ 2017-01-09T10:54:55+08:00 ] ::1 /project/index.php/Admin/public/%3C/project/index.php/Admin/Public/verify.html%3E
ERR: 非法操作:

